2025-12-21T13:55:25+00:00 ADD_REQUEST uid=7 name="asd" keywords=["milk"]
2025-12-21T13:59:21+00:00 ADD_REQUEST uid=7 name="test test" keywords=["milk"]
2025-12-21T14:00:07+00:00 ADD_REQUEST uid=7 name="test test" keywords=["milk"]
2025-12-21T14:01:59+00:00 ADD_REQUEST uid=7 name="asda" keywords=["milk"]
2025-12-21T14:03:34+00:00 ADD_REQUEST uid=7 name="asda" keywords=["milk"]
2025-12-21T14:04:10+00:00 ADD_REQUEST uid=7 name="asd" keywords=["milk"]
2025-12-21T14:04:41+00:00 ADD_REQUEST uid=7 name="asdasd" keywords=["milk","matcha"]
2025-12-21T14:06:56+00:00 ADD_REQUEST uid=7 name="qwe" keywords=["milk"]
2025-12-21T14:12:38+00:00 ADD_REQUEST uid=7 name="qwe" keywords=["milk"]
2025-12-21T14:12:38+00:00 CALLING_GET_PRODUCT_ING
2025-12-21T14:12:38+00:00 GET_PROD_ING_START
2025-12-21T14:12:55+00:00 ADD_REQUEST uid=7 name="qwe" keywords=["milk"]
2025-12-21T14:12:55+00:00 CALLING_GET_PRODUCT_ING
2025-12-21T14:12:55+00:00 GET_PROD_ING_START
2025-12-21T14:16:37+00:00 ADD_REQUEST uid=7 name="asd" keywords=["milk"]
2025-12-21T14:16:37+00:00 CALLING_GET_PRODUCT_ING
2025-12-21T14:16:37+00:00 GET_PROD_ING_START
2025-12-21T14:16:37+00:00 GET_PROD_ING_EXCEPTION=["Table 'allergypass_db.products' doesn't exist"]
2025-12-21T14:29:38+00:00 LOGIN_ATTEMPT user="allen"
2025-12-21T14:29:38+00:00 LOGIN_SUCCESS id=7
2025-12-21T14:29:53+00:00 ADD_REQUEST uid=7 name="asd" keywords=["milk"]
2025-12-21T14:29:53+00:00 CALLING_GET_PRODUCT_ING
2025-12-21T14:29:53+00:00 GET_PROD_ING_START
2025-12-21T14:29:53+00:00 GET_PROD_ING_EXCEPTION=["Table 'allergypass_db.products' doesn't exist"]
2025-12-21T14:29:53+00:00 FALLBACK_FETCH_FAILED url=http://localhost/food_ordering_system/admin_api.php?action=get_ingredients
2025-12-21T14:29:53+00:00 VALIDATION_SKIPPED
2025-12-21T14:29:53+00:00 WARNING_VALIDATION_SKIPPED
2025-12-21T14:29:53+00:00 ADD_SUCCESS cid=21
2025-12-21T14:29:53+00:00 SHUTDOWN_ERROR type=2 file=C:\xampp\htdocs\food_ordering_system_with_allergy_checker\allergypass\api.php line=280 message=file_get_contents(http://localhost/food_ordering_system/admin_api.php?action=get_ingredients): Failed to open stream: HTTP request failed! HTTP/1.1 404 Not Found 
2025-12-21T14:30:45+00:00 UPDATE_REQUEST id=21 name="My allergies" keywords=["milk","matcha","Caramel"]
2025-12-21T14:30:45+00:00 GET_PROD_ING_START
2025-12-21T14:30:45+00:00 GET_PROD_ING_EXCEPTION=["Table 'allergypass_db.products' doesn't exist"]
2025-12-21T14:30:45+00:00 FALLBACK_FETCH_FAILED url=http://localhost/food_ordering_system/admin_api.php?action=get_ingredients
2025-12-21T14:30:45+00:00 VALIDATION_SKIPPED
2025-12-21T14:30:45+00:00 WARNING_VALIDATION_SKIPPED
2025-12-21T14:30:45+00:00 SHUTDOWN_ERROR type=2 file=C:\xampp\htdocs\food_ordering_system_with_allergy_checker\allergypass\api.php line=399 message=file_get_contents(http://localhost/food_ordering_system/admin_api.php?action=get_ingredients): Failed to open stream: HTTP request failed! HTTP/1.1 404 Not Found 
2025-12-21T14:30:52+00:00 UPDATE_REQUEST id=21 name="My allergies" keywords=["milk","matcha","Caramel"]
2025-12-21T14:30:52+00:00 GET_PROD_ING_START
2025-12-21T14:30:52+00:00 GET_PROD_ING_EXCEPTION=["Table 'allergypass_db.products' doesn't exist"]
2025-12-21T14:30:52+00:00 FALLBACK_FETCH_FAILED url=http://localhost/food_ordering_system/admin_api.php?action=get_ingredients
2025-12-21T14:30:52+00:00 VALIDATION_SKIPPED
2025-12-21T14:30:52+00:00 WARNING_VALIDATION_SKIPPED
2025-12-21T14:30:52+00:00 SHUTDOWN_ERROR type=2 file=C:\xampp\htdocs\food_ordering_system_with_allergy_checker\allergypass\api.php line=399 message=file_get_contents(http://localhost/food_ordering_system/admin_api.php?action=get_ingredients): Failed to open stream: HTTP request failed! HTTP/1.1 404 Not Found 
2025-12-21T14:31:21+00:00 UPDATE_REQUEST id=21 name="My allergies" keywords=["milk","matcha"]
2025-12-21T14:31:21+00:00 GET_PROD_ING_START
2025-12-21T14:31:21+00:00 GET_PROD_ING_EXCEPTION=["Table 'allergypass_db.products' doesn't exist"]
2025-12-21T14:31:21+00:00 FALLBACK_FETCH_FAILED url=http://localhost/food_ordering_system/admin_api.php?action=get_ingredients
2025-12-21T14:31:21+00:00 VALIDATION_SKIPPED
2025-12-21T14:31:21+00:00 WARNING_VALIDATION_SKIPPED
2025-12-21T14:31:21+00:00 SHUTDOWN_ERROR type=2 file=C:\xampp\htdocs\food_ordering_system_with_allergy_checker\allergypass\api.php line=399 message=file_get_contents(http://localhost/food_ordering_system/admin_api.php?action=get_ingredients): Failed to open stream: HTTP request failed! HTTP/1.1 404 Not Found 
2025-12-21T14:34:35+00:00 ADD_REQUEST uid=7 name="My 2nd allergy category" keywords=["water","cocoa","powder"]
2025-12-21T14:34:35+00:00 CALLING_GET_PRODUCT_ING
2025-12-21T14:34:35+00:00 GET_PROD_ING_START
2025-12-21T14:34:35+00:00 GET_PROD_ING_EXCEPTION=["Table 'allergypass_db.products' doesn't exist"]
2025-12-21T14:34:35+00:00 FALLBACK_FETCH_FAILED url=http://localhost/food_ordering_system/admin_api.php?action=get_ingredients
2025-12-21T14:34:35+00:00 VALIDATION_SKIPPED
2025-12-21T14:34:35+00:00 WARNING_VALIDATION_SKIPPED
2025-12-21T14:34:35+00:00 ADD_SUCCESS cid=22
2025-12-21T14:34:35+00:00 SHUTDOWN_ERROR type=2 file=C:\xampp\htdocs\food_ordering_system_with_allergy_checker\allergypass\api.php line=280 message=file_get_contents(http://localhost/food_ordering_system/admin_api.php?action=get_ingredients): Failed to open stream: HTTP request failed! HTTP/1.1 404 Not Found 
